Using pre-set license
Built from '2020.2/release' branch; Version is '2020.2.2f1 (068178b99f32) revision 426360'; Using compiler version '192528614'; Build Type 'Release'
OS: 'Windows 10 Pro; OS build 19042.906; Version 2009; 64bit' Language: 'en' Physical Memory: 16332 MB
BatchMode: 1, IsHumanControllingUs: 0, StartBugReporterOnCrash: 0, Is64bit: 1, IsPro: 0

 COMMAND LINE ARGUMENTS:
C:\Program Files\Unity\Hub\Editor\2020.2.2f1\Editor\Unity.exe
-adb2
-batchMode
-noUpm
-name
AssetImportWorker0
-projectPath
C:/Users/June/Documents/CSUMB/CST326 - Game Dev/TowerDefense
-logFile
Logs/AssetImportWorker0.log
-srvPort
49250
Successfully changed project path to: C:/Users/June/Documents/CSUMB/CST326 - Game Dev/TowerDefense
C:/Users/June/Documents/CSUMB/CST326 - Game Dev/TowerDefense
Using Asset Import Pipeline V2.
Refreshing native plugins compatible for Editor in 23.13 ms, found 0 plugins.
Preloading 0 native plugins for Editor in 0.00 ms.
Initialize engine version: 2020.2.2f1 (068178b99f32)
[Subsystems] Discovering subsystems at path C:/Program Files/Unity/Hub/Editor/2020.2.2f1/Editor/Data/Resources/UnitySubsystems
[Subsystems] Discovering subsystems at path C:/Users/June/Documents/CSUMB/CST326 - Game Dev/TowerDefense/Assets
GfxDevice: creating device client; threaded=0
Direct3D:
    Version:  Direct3D 11.0 [level 11.1]
    Renderer: AMD Radeon RX 5700 XT (ID=0x731f)
    Vendor:   
    VRAM:     8151 MB
    Driver:   27.20.15003.1004
Initialize mono
Mono path[0] = 'C:/Program Files/Unity/Hub/Editor/2020.2.2f1/Editor/Data/Managed'
Mono path[1] = 'C:/Program Files/Unity/Hub/Editor/2020.2.2f1/Editor/Data/MonoBleedingEdge/lib/mono/unityjit'
Mono config path = 'C:/Program Files/Unity/Hub/Editor/2020.2.2f1/Editor/Data/MonoBleedingEdge/etc'
Using monoOptions --debugger-agent=transport=dt_socket,embedding=1,server=y,suspend=n,address=127.0.0.1:56596
Begin MonoManager ReloadAssembly
Registering precompiled unity dll's ...
Register platform support module: C:/Program Files/Unity/Hub/Editor/2020.2.2f1/Editor/Data/PlaybackEngines/WindowsStandaloneSupport/UnityEditor.WindowsStandalone.Extensions.dll
Registered in 0.001895 seconds.
Native extension for WindowsStandalone target not found
Refreshing native plugins compatible for Editor in 22.93 ms, found 0 plugins.
Preloading 0 native plugins for Editor in 0.00 ms.
Invoked RoslynAnalysisRunner static constructor.
RoslynAnalysisRunner will not be running.
RoslynAnalysisRunner has terminated.
Mono: successfully reloaded assembly
- Completed reload, in  1.188 seconds
Platform modules already initialized, skipping
Registering precompiled user dll's ...
Registered in 0.000660 seconds.
Begin MonoManager ReloadAssembly
Native extension for WindowsStandalone target not found
Refreshing native plugins compatible for Editor in 0.40 ms, found 0 plugins.
Preloading 0 native plugins for Editor in 0.00 ms.
Invoked RoslynAnalysisRunner static constructor.
RoslynAnalysisRunner will not be running.
RoslynAnalysisRunner has terminated.
Mono: successfully reloaded assembly
- Completed reload, in  0.858 seconds
Platform modules already initialized, skipping
========================================================================
Worker process is ready to serve import requests
Launched and connected shader compiler UnityShaderCompiler.exe after 0.05 seconds
Refreshing native plugins compatible for Editor in 0.22 ms, found 0 plugins.
Preloading 0 native plugins for Editor in 0.00 ms.
Unloading 1104 Unused Serialized files (Serialized files now loaded: 0)
System memory in use before: 56.8 MB.
System memory in use after: 56.8 MB.

Unloading 10 unused Assets to reduce memory usage. Loaded Objects now: 1546.
Total: 2.839500 ms (FindLiveObjects: 0.272200 ms CreateObjectMapping: 0.060900 ms MarkObjects: 2.410800 ms  DeleteObjects: 0.092300 ms)

========================================================================
Received Import Request.
  path: Assets/Tower Defense/Scripts/EnemyController.cs
  artifactKey: Guid(1fb58393863db114098f8a5c69c351e4) Importer(815301076,1909f56bfc062723c751e8b465ee728b)
Start importing Assets/Tower Defense/Scripts/EnemyController.cs using Guid(1fb58393863db114098f8a5c69c351e4) Importer(815301076,1909f56bfc062723c751e8b465ee728b)  -> (artifact id: 'c27938bfc46164e303c7fb69ee8b2db8') in 0.025964 seconds
  Import took 0.028120 seconds .

========================================================================
Received Import Request.
  Time since last request: 70.224940 seconds.
  path: Assets/Tower Defense/Scenes
  artifactKey: Guid(c8d286e0c8e256d4485bd0160b4383ce) Importer(815301076,1909f56bfc062723c751e8b465ee728b)
Start importing Assets/Tower Defense/Scenes using Guid(c8d286e0c8e256d4485bd0160b4383ce) Importer(815301076,1909f56bfc062723c751e8b465ee728b)  -> (artifact id: '9f7c7060705778c0fa7634ffe0544e49') in 0.007495 seconds
  Import took 0.009164 seconds .

========================================================================
Received Import Request.
  Time since last request: 11.884562 seconds.
  path: Assets/Tower Defense/Scenes/StartMenu.unity
  artifactKey: Guid(71952eb077c5e2744a69df4af937fe17) Importer(815301076,1909f56bfc062723c751e8b465ee728b)
Start importing Assets/Tower Defense/Scenes/StartMenu.unity using Guid(71952eb077c5e2744a69df4af937fe17) Importer(815301076,1909f56bfc062723c751e8b465ee728b)  -> (artifact id: '6e16644c5c596b664f5cc1f56ecdb1f9') in 0.012962 seconds
  Import took 0.014733 seconds .

========================================================================
Received Import Request.
  Time since last request: 14.407017 seconds.
  path: Assets/Tower Defense/Scenes/RestartScene.unity
  artifactKey: Guid(c9b8282f4525942479223346daa8998e) Importer(815301076,1909f56bfc062723c751e8b465ee728b)
Start importing Assets/Tower Defense/Scenes/RestartScene.unity using Guid(c9b8282f4525942479223346daa8998e) Importer(815301076,1909f56bfc062723c751e8b465ee728b)  -> (artifact id: '04fee5a786493e368bbfa864d2116551') in 0.007431 seconds
  Import took 0.009186 seconds .

========================================================================
Received Import Request.
  Time since last request: 233.943606 seconds.
  path: Assets/Tower Defense/Scripts/StartButton.cs
  artifactKey: Guid(569af84d943a59a429c60cfe107b6173) Importer(815301076,1909f56bfc062723c751e8b465ee728b)
Start importing Assets/Tower Defense/Scripts/StartButton.cs using Guid(569af84d943a59a429c60cfe107b6173) Importer(815301076,1909f56bfc062723c751e8b465ee728b)  -> (artifact id: 'b51b9a698247efc4c217fc465e2cf8df') in 0.007306 seconds
  Import took 0.009201 seconds .

========================================================================
Received Prepare
Registering precompiled user dll's ...
Registered in 0.000609 seconds.
Begin MonoManager ReloadAssembly
Native extension for WindowsStandalone target not found
Refreshing native plugins compatible for Editor in 0.20 ms, found 0 plugins.
Preloading 0 native plugins for Editor in 0.00 ms.
Invoked RoslynAnalysisRunner static constructor.
RoslynAnalysisRunner will not be running.
RoslynAnalysisRunner has terminated.
Mono: successfully reloaded assembly
- Completed reload, in  0.780 seconds
Platform modules already initialized, skipping
Refreshing native plugins compatible for Editor in 0.31 ms, found 0 plugins.
Preloading 0 native plugins for Editor in 0.00 ms.
Unloading 1100 Unused Serialized files (Serialized files now loaded: 0)
System memory in use before: 56.9 MB.
System memory in use after: 57.0 MB.

Unloading 5 unused Assets to reduce memory usage. Loaded Objects now: 1549.
Total: 1.588800 ms (FindLiveObjects: 0.134500 ms CreateObjectMapping: 0.026500 ms MarkObjects: 1.373200 ms  DeleteObjects: 0.053300 ms)

========================================================================
Received Import Request.
  Time since last request: 35.318806 seconds.
  path: Assets/Tower Defense/Scripts/StartButton.cs
  artifactKey: Guid(569af84d943a59a429c60cfe107b6173) Importer(815301076,1909f56bfc062723c751e8b465ee728b)
Start importing Assets/Tower Defense/Scripts/StartButton.cs using Guid(569af84d943a59a429c60cfe107b6173) Importer(815301076,1909f56bfc062723c751e8b465ee728b)  -> (artifact id: '0f1f9dea401985ae0020a21d45e636ae') in 0.004389 seconds
  Import took 0.006143 seconds .

========================================================================
Received Prepare
Registering precompiled user dll's ...
Registered in 0.000560 seconds.
Begin MonoManager ReloadAssembly
Native extension for WindowsStandalone target not found
Refreshing native plugins compatible for Editor in 0.19 ms, found 0 plugins.
Preloading 0 native plugins for Editor in 0.00 ms.
Invoked RoslynAnalysisRunner static constructor.
RoslynAnalysisRunner will not be running.
RoslynAnalysisRunner has terminated.
Mono: successfully reloaded assembly
- Completed reload, in  0.740 seconds
Platform modules already initialized, skipping
Refreshing native plugins compatible for Editor in 0.19 ms, found 0 plugins.
Preloading 0 native plugins for Editor in 0.00 ms.
Unloading 1100 Unused Serialized files (Serialized files now loaded: 0)
System memory in use before: 57.0 MB.
System memory in use after: 57.1 MB.

Unloading 5 unused Assets to reduce memory usage. Loaded Objects now: 1551.
Total: 1.815500 ms (FindLiveObjects: 0.147400 ms CreateObjectMapping: 0.027400 ms MarkObjects: 1.581900 ms  DeleteObjects: 0.057200 ms)

========================================================================
Received Prepare
Registering precompiled user dll's ...
Registered in 0.000636 seconds.
Begin MonoManager ReloadAssembly
Native extension for WindowsStandalone target not found
Refreshing native plugins compatible for Editor in 0.19 ms, found 0 plugins.
Preloading 0 native plugins for Editor in 0.00 ms.
Invoked RoslynAnalysisRunner static constructor.
RoslynAnalysisRunner will not be running.
RoslynAnalysisRunner has terminated.
Mono: successfully reloaded assembly
- Completed reload, in  0.739 seconds
Platform modules already initialized, skipping
Refreshing native plugins compatible for Editor in 0.19 ms, found 0 plugins.
Preloading 0 native plugins for Editor in 0.00 ms.
Unloading 1100 Unused Serialized files (Serialized files now loaded: 0)
System memory in use before: 57.1 MB.
System memory in use after: 57.2 MB.

Unloading 5 unused Assets to reduce memory usage. Loaded Objects now: 1553.
Total: 1.490500 ms (FindLiveObjects: 0.136700 ms CreateObjectMapping: 0.027400 ms MarkObjects: 1.281100 ms  DeleteObjects: 0.044000 ms)

========================================================================
Received Prepare
Registering precompiled user dll's ...
Registered in 0.000616 seconds.
Begin MonoManager ReloadAssembly
Native extension for WindowsStandalone target not found
Refreshing native plugins compatible for Editor in 0.19 ms, found 0 plugins.
Preloading 0 native plugins for Editor in 0.00 ms.
Invoked RoslynAnalysisRunner static constructor.
RoslynAnalysisRunner will not be running.
RoslynAnalysisRunner has terminated.
Mono: successfully reloaded assembly
- Completed reload, in  0.740 seconds
Platform modules already initialized, skipping
Refreshing native plugins compatible for Editor in 0.19 ms, found 0 plugins.
Preloading 0 native plugins for Editor in 0.00 ms.
Unloading 1100 Unused Serialized files (Serialized files now loaded: 0)
System memory in use before: 57.3 MB.
System memory in use after: 57.4 MB.

Unloading 5 unused Assets to reduce memory usage. Loaded Objects now: 1555.
Total: 1.531000 ms (FindLiveObjects: 0.165200 ms CreateObjectMapping: 0.026000 ms MarkObjects: 1.293100 ms  DeleteObjects: 0.045700 ms)

========================================================================
Received Import Request.
  Time since last request: 369.609231 seconds.
  path: Assets/Tower Defense/Scenes/StartMenu.unity
  artifactKey: Guid(71952eb077c5e2744a69df4af937fe17) Importer(815301076,1909f56bfc062723c751e8b465ee728b)
Start importing Assets/Tower Defense/Scenes/StartMenu.unity using Guid(71952eb077c5e2744a69df4af937fe17) Importer(815301076,1909f56bfc062723c751e8b465ee728b)  -> (artifact id: 'f621757f5b5214bfe40c213c2ce58a9e') in 0.015064 seconds
  Import took 0.016765 seconds .

========================================================================
Received Import Request.
  Time since last request: 3.989785 seconds.
  path: Assets/Tower Defense/Prefab/Global Control.prefab
  artifactKey: Guid(18b82c1567c9825418362a0875372f28) Importer(815301076,1909f56bfc062723c751e8b465ee728b)
Start importing Assets/Tower Defense/Prefab/Global Control.prefab using Guid(18b82c1567c9825418362a0875372f28) Importer(815301076,1909f56bfc062723c751e8b465ee728b)  -> (artifact id: 'f192ce94c1c438de63112bd1f0c4a545') in 0.021929 seconds
  Import took 0.023691 seconds .

========================================================================
Received Import Request.
  Time since last request: 0.001284 seconds.
  path: Assets/Tower Defense/Prefab/Global Control.prefab
  artifactKey: Guid(18b82c1567c9825418362a0875372f28) Importer(815301076,1909f56bfc062723c751e8b465ee728b)
Start importing Assets/Tower Defense/Prefab/Global Control.prefab using Guid(18b82c1567c9825418362a0875372f28) Importer(815301076,1909f56bfc062723c751e8b465ee728b)  -> (artifact id: 'f192ce94c1c438de63112bd1f0c4a545') in 0.003216 seconds
  Import took 0.004786 seconds .

========================================================================
Received Import Request.
  Time since last request: 3.537987 seconds.
  path: Assets/Tower Defense/Scenes/RestartScene.unity
  artifactKey: Guid(c9b8282f4525942479223346daa8998e) Importer(815301076,1909f56bfc062723c751e8b465ee728b)
Start importing Assets/Tower Defense/Scenes/RestartScene.unity using Guid(c9b8282f4525942479223346daa8998e) Importer(815301076,1909f56bfc062723c751e8b465ee728b)  -> (artifact id: '9fc227bd8e61080d01e7b808f43fe29d') in 0.007179 seconds
  Import took 0.008876 seconds .

========================================================================
Received Import Request.
  Time since last request: 26.605621 seconds.
  path: Assets/Tower Defense/Scenes/RestartScene.unity
  artifactKey: Guid(c9b8282f4525942479223346daa8998e) Importer(815301076,1909f56bfc062723c751e8b465ee728b)
Start importing Assets/Tower Defense/Scenes/RestartScene.unity using Guid(c9b8282f4525942479223346daa8998e) Importer(815301076,1909f56bfc062723c751e8b465ee728b)  -> (artifact id: '7b76c4325d01305713905217db4b495b') in 0.002413 seconds
  Import took 0.004169 seconds .

========================================================================
Received Import Request.
  Time since last request: 0.011394 seconds.
  path: Assets/Tower Defense/Scenes/RestartScene.unity
  artifactKey: Guid(c9b8282f4525942479223346daa8998e) Importer(815301076,1909f56bfc062723c751e8b465ee728b)
Start importing Assets/Tower Defense/Scenes/RestartScene.unity using Guid(c9b8282f4525942479223346daa8998e) Importer(815301076,1909f56bfc062723c751e8b465ee728b)  -> (artifact id: '7b76c4325d01305713905217db4b495b') in 0.002336 seconds
  Import took 0.004040 seconds .

========================================================================
Received Import Request.
  Time since last request: 0.532719 seconds.
  path: Assets/Tower Defense/Scenes/StartMenu.unity
  artifactKey: Guid(71952eb077c5e2744a69df4af937fe17) Importer(815301076,1909f56bfc062723c751e8b465ee728b)
Start importing Assets/Tower Defense/Scenes/StartMenu.unity using Guid(71952eb077c5e2744a69df4af937fe17) Importer(815301076,1909f56bfc062723c751e8b465ee728b)  -> (artifact id: 'e2cc0c1cfc1772864830a378e68b5a23') in 0.002505 seconds
  Import took 0.004214 seconds .

========================================================================
Received Prepare
Registering precompiled user dll's ...
Registered in 0.000640 seconds.
Begin MonoManager ReloadAssembly
Native extension for WindowsStandalone target not found
Refreshing native plugins compatible for Editor in 0.19 ms, found 0 plugins.
Preloading 0 native plugins for Editor in 0.00 ms.
Invoked RoslynAnalysisRunner static constructor.
RoslynAnalysisRunner will not be running.
RoslynAnalysisRunner has terminated.
Mono: successfully reloaded assembly
- Completed reload, in  0.732 seconds
Platform modules already initialized, skipping
Refreshing native plugins compatible for Editor in 0.19 ms, found 0 plugins.
Preloading 0 native plugins for Editor in 0.00 ms.
Unloading 1100 Unused Serialized files (Serialized files now loaded: 0)
System memory in use before: 57.5 MB.
System memory in use after: 57.5 MB.

Unloading 5 unused Assets to reduce memory usage. Loaded Objects now: 1557.
Total: 1.667100 ms (FindLiveObjects: 0.143900 ms CreateObjectMapping: 0.027800 ms MarkObjects: 1.441800 ms  DeleteObjects: 0.052700 ms)

========================================================================
Received Prepare
Registering precompiled user dll's ...
Registered in 0.000642 seconds.
Begin MonoManager ReloadAssembly
Native extension for WindowsStandalone target not found
Refreshing native plugins compatible for Editor in 0.19 ms, found 0 plugins.
Preloading 0 native plugins for Editor in 0.00 ms.
Invoked RoslynAnalysisRunner static constructor.
RoslynAnalysisRunner will not be running.
RoslynAnalysisRunner has terminated.
Mono: successfully reloaded assembly
- Completed reload, in  0.732 seconds
Platform modules already initialized, skipping
Refreshing native plugins compatible for Editor in 0.19 ms, found 0 plugins.
Preloading 0 native plugins for Editor in 0.00 ms.
Unloading 1100 Unused Serialized files (Serialized files now loaded: 0)
System memory in use before: 57.6 MB.
System memory in use after: 57.7 MB.

Unloading 5 unused Assets to reduce memory usage. Loaded Objects now: 1559.
Total: 1.526900 ms (FindLiveObjects: 0.141400 ms CreateObjectMapping: 0.029400 ms MarkObjects: 1.309600 ms  DeleteObjects: 0.045100 ms)

========================================================================
Received Import Request.
  Time since last request: 168.984803 seconds.
  path: Assets/Tower Defense/Material/Back.mat
  artifactKey: Guid(dbacecf17cfe1db49893b76b1b78eca1) Importer(815301076,1909f56bfc062723c751e8b465ee728b)
Start importing Assets/Tower Defense/Material/Back.mat using Guid(dbacecf17cfe1db49893b76b1b78eca1) Importer(815301076,1909f56bfc062723c751e8b465ee728b)  -> (artifact id: '73ed470e38b76649a8a5b089d40b17a4') in 0.096500 seconds
  Import took 0.098320 seconds .

========================================================================
Received Import Request.
  Time since last request: 0.000198 seconds.
  path: Assets/Tower Defense/Material/Poorple.mat
  artifactKey: Guid(0ba8e71b226895649931041a00818794) Importer(815301076,1909f56bfc062723c751e8b465ee728b)
Start importing Assets/Tower Defense/Material/Poorple.mat using Guid(0ba8e71b226895649931041a00818794) Importer(815301076,1909f56bfc062723c751e8b465ee728b)  -> (artifact id: 'b2493b62f89fcfbd83ab64a3e2842e8a') in 0.015244 seconds
  Import took 0.016793 seconds .

========================================================================
Received Import Request.
  Time since last request: 0.000263 seconds.
  path: Assets/Tower Defense/Material/Griender.mat
  artifactKey: Guid(584eb9dbdc35cdb4d83331c38ed48438) Importer(815301076,1909f56bfc062723c751e8b465ee728b)
Start importing Assets/Tower Defense/Material/Griender.mat using Guid(584eb9dbdc35cdb4d83331c38ed48438) Importer(815301076,1909f56bfc062723c751e8b465ee728b)  -> (artifact id: '1bf7da591686bb21c19e06d3eb240542') in 0.013000 seconds
  Import took 0.014933 seconds .

========================================================================
Received Import Request.
  Time since last request: 0.000214 seconds.
  path: Assets/Tower Defense/Material/Grape.mat
  artifactKey: Guid(5ade5cbb406a33d43bf2ac855dda7ded) Importer(815301076,1909f56bfc062723c751e8b465ee728b)
Start importing Assets/Tower Defense/Material/Grape.mat using Guid(5ade5cbb406a33d43bf2ac855dda7ded) Importer(815301076,1909f56bfc062723c751e8b465ee728b)  -> (artifact id: '7b3b89a18636b9ad0afe2950236466f6') in 0.013446 seconds
  Import took 0.014989 seconds .

========================================================================
Received Import Request.
  Time since last request: 0.000175 seconds.
  path: Assets/Tower Defense/Material/Read.mat
  artifactKey: Guid(c8e0974689bef8047a2b32610ef42d07) Importer(815301076,1909f56bfc062723c751e8b465ee728b)
Start importing Assets/Tower Defense/Material/Read.mat using Guid(c8e0974689bef8047a2b32610ef42d07) Importer(815301076,1909f56bfc062723c751e8b465ee728b)  -> (artifact id: '84530f7124ef497e7ffa09996d58e275') in 0.012927 seconds
  Import took 0.014618 seconds .

========================================================================
Received Import Request.
  Time since last request: 0.003921 seconds.
  path: Assets/Tower Defense/Material/Read.mat
  artifactKey: Guid(c8e0974689bef8047a2b32610ef42d07) Importer(815301076,1909f56bfc062723c751e8b465ee728b)
Start importing Assets/Tower Defense/Material/Read.mat using Guid(c8e0974689bef8047a2b32610ef42d07) Importer(815301076,1909f56bfc062723c751e8b465ee728b)  -> (artifact id: '84530f7124ef497e7ffa09996d58e275') in 0.011041 seconds
  Import took 0.012959 seconds .

========================================================================
Received Import Request.
  Time since last request: 28.864905 seconds.
  path: Assets/Tower Defense/Textures
  artifactKey: Guid(31f7d5501db3bb64d9b6db56d1b482c6) Importer(815301076,1909f56bfc062723c751e8b465ee728b)
Start importing Assets/Tower Defense/Textures using Guid(31f7d5501db3bb64d9b6db56d1b482c6) Importer(815301076,1909f56bfc062723c751e8b465ee728b)  -> (artifact id: '9227fbf11bf7d9d2c45da5f530c4b093') in 0.007651 seconds
  Import took 0.009355 seconds .

========================================================================
Received Import Request.
  Time since last request: 22300.097161 seconds.
  path: Assets/Tower Defense/Scenes/TowerDefense.unity
  artifactKey: Guid(edb0c31d984fe424dab2e3ac58e37bdf) Importer(815301076,1909f56bfc062723c751e8b465ee728b)
Start importing Assets/Tower Defense/Scenes/TowerDefense.unity using Guid(edb0c31d984fe424dab2e3ac58e37bdf) Importer(815301076,1909f56bfc062723c751e8b465ee728b)  -> (artifact id: '5f1f43ec4c7ce696ca31b70ff57f9ecc') in 0.021600 seconds
  Import took 0.054293 seconds .

========================================================================
Received Import Request.
  Time since last request: 71.716143 seconds.
  path: Assets/Tower Defense/Prefab/Tower.prefab
  artifactKey: Guid(f746bdbfd3f26f7458a4936e8e311a72) Importer(815301076,1909f56bfc062723c751e8b465ee728b)
Start importing Assets/Tower Defense/Prefab/Tower.prefab using Guid(f746bdbfd3f26f7458a4936e8e311a72) Importer(815301076,1909f56bfc062723c751e8b465ee728b)  -> (artifact id: '95c54eca9b740a0f545baa2857326fce') in 0.080629 seconds
  Import took 0.082778 seconds .

========================================================================
Received Import Request.
  Time since last request: 43.093626 seconds.
  path: Assets/Tower Defense/Prefab/Tower.prefab
  artifactKey: Guid(f746bdbfd3f26f7458a4936e8e311a72) Importer(815301076,1909f56bfc062723c751e8b465ee728b)
Start importing Assets/Tower Defense/Prefab/Tower.prefab using Guid(f746bdbfd3f26f7458a4936e8e311a72) Importer(815301076,1909f56bfc062723c751e8b465ee728b)  -> (artifact id: 'c2193e2f290cf2072c7cfb1d2bb57962') in 0.012009 seconds
  Import took 0.014419 seconds .

========================================================================
Received Import Request.
  Time since last request: 43.321087 seconds.
  path: Assets/Tower Defense/Prefab/Tower.prefab
  artifactKey: Guid(f746bdbfd3f26f7458a4936e8e311a72) Importer(815301076,1909f56bfc062723c751e8b465ee728b)
Start importing Assets/Tower Defense/Prefab/Tower.prefab using Guid(f746bdbfd3f26f7458a4936e8e311a72) Importer(815301076,1909f56bfc062723c751e8b465ee728b)  -> (artifact id: '2466af519f3ee6f6e04886a3aaaae71e') in 0.010914 seconds
  Import took 0.013062 seconds .

========================================================================
Received Prepare
Registering precompiled user dll's ...
Registered in 0.000886 seconds.
Begin MonoManager ReloadAssembly
Native extension for WindowsStandalone target not found
Refreshing native plugins compatible for Editor in 0.21 ms, found 0 plugins.
Preloading 0 native plugins for Editor in 0.00 ms.
Invoked RoslynAnalysisRunner static constructor.
RoslynAnalysisRunner will not be running.
RoslynAnalysisRunner has terminated.
Mono: successfully reloaded assembly
- Completed reload, in  0.834 seconds
Platform modules already initialized, skipping
Refreshing native plugins compatible for Editor in 0.19 ms, found 0 plugins.
Preloading 0 native plugins for Editor in 0.00 ms.
Unloading 1100 Unused Serialized files (Serialized files now loaded: 0)
System memory in use before: 61.1 MB.
System memory in use after: 61.1 MB.

Unloading 6 unused Assets to reduce memory usage. Loaded Objects now: 1603.
Total: 1.820800 ms (FindLiveObjects: 0.170700 ms CreateObjectMapping: 0.029600 ms MarkObjects: 1.531000 ms  DeleteObjects: 0.088500 ms)

========================================================================
Received Prepare
Registering precompiled user dll's ...
Registered in 0.000716 seconds.
Begin MonoManager ReloadAssembly
Native extension for WindowsStandalone target not found
Refreshing native plugins compatible for Editor in 0.19 ms, found 0 plugins.
Preloading 0 native plugins for Editor in 0.00 ms.
Invoked RoslynAnalysisRunner static constructor.
RoslynAnalysisRunner will not be running.
RoslynAnalysisRunner has terminated.
Mono: successfully reloaded assembly
- Completed reload, in  0.778 seconds
Platform modules already initialized, skipping
Refreshing native plugins compatible for Editor in 0.20 ms, found 0 plugins.
Preloading 0 native plugins for Editor in 0.00 ms.
Unloading 1100 Unused Serialized files (Serialized files now loaded: 0)
System memory in use before: 61.2 MB.
System memory in use after: 61.2 MB.

Unloading 5 unused Assets to reduce memory usage. Loaded Objects now: 1605.
Total: 1.844900 ms (FindLiveObjects: 0.203700 ms CreateObjectMapping: 0.056400 ms MarkObjects: 1.528600 ms  DeleteObjects: 0.054200 ms)

========================================================================
Received Import Request.
  Time since last request: 9214.968534 seconds.
  path: Assets/Tower Defense/Prefab/Tower.prefab
  artifactKey: Guid(f746bdbfd3f26f7458a4936e8e311a72) Importer(815301076,1909f56bfc062723c751e8b465ee728b)
Start importing Assets/Tower Defense/Prefab/Tower.prefab using Guid(f746bdbfd3f26f7458a4936e8e311a72) Importer(815301076,1909f56bfc062723c751e8b465ee728b)  -> (artifact id: '4943257fbbc898633aa06030beeb64bf') in 0.066165 seconds
  Import took 0.068511 seconds .

========================================================================
Received Prepare
Registering precompiled user dll's ...
Registered in 0.000602 seconds.
Begin MonoManager ReloadAssembly
Native extension for WindowsStandalone target not found
Refreshing native plugins compatible for Editor in 0.20 ms, found 0 plugins.
Preloading 0 native plugins for Editor in 0.00 ms.
Invoked RoslynAnalysisRunner static constructor.
RoslynAnalysisRunner will not be running.
RoslynAnalysisRunner has terminated.
Mono: successfully reloaded assembly
- Completed reload, in  0.747 seconds
Platform modules already initialized, skipping
Refreshing native plugins compatible for Editor in 0.19 ms, found 0 plugins.
Preloading 0 native plugins for Editor in 0.00 ms.
Unloading 1100 Unused Serialized files (Serialized files now loaded: 0)
System memory in use before: 61.3 MB.
System memory in use after: 61.4 MB.

Unloading 6 unused Assets to reduce memory usage. Loaded Objects now: 1608.
Total: 1.763900 ms (FindLiveObjects: 0.175300 ms CreateObjectMapping: 0.030600 ms MarkObjects: 1.500900 ms  DeleteObjects: 0.055800 ms)

========================================================================
Received Import Request.
  Time since last request: 131.322470 seconds.
  path: Assets/Tower Defense/Prefab/Tower.prefab
  artifactKey: Guid(f746bdbfd3f26f7458a4936e8e311a72) Importer(815301076,1909f56bfc062723c751e8b465ee728b)
Start importing Assets/Tower Defense/Prefab/Tower.prefab using Guid(f746bdbfd3f26f7458a4936e8e311a72) Importer(815301076,1909f56bfc062723c751e8b465ee728b)  -> (artifact id: '9008a7bd26f19640df636e2f6742eb1a') in 0.059708 seconds
  Import took 0.061742 seconds .

========================================================================
Received Import Request.
  Time since last request: 331.134559 seconds.
  path: Assets/Prefabs/Bullet.prefab
  artifactKey: Guid(b92e54fbdbfed8a4ea6a0de20e28ab0b) Importer(815301076,1909f56bfc062723c751e8b465ee728b)
Start importing Assets/Prefabs/Bullet.prefab using Guid(b92e54fbdbfed8a4ea6a0de20e28ab0b) Importer(815301076,1909f56bfc062723c751e8b465ee728b)  -> (artifact id: '46239882824302f33e7194a99282da29') in 0.017072 seconds
  Import took 0.019333 seconds .

========================================================================
Received Import Request.
  Time since last request: 82.947331 seconds.
  path: Assets/Tower Defense/Scripts/BulletController.cs
  artifactKey: Guid(4ad8c6c6516c2864085b8edf006f5c5e) Importer(815301076,1909f56bfc062723c751e8b465ee728b)
Start importing Assets/Tower Defense/Scripts/BulletController.cs using Guid(4ad8c6c6516c2864085b8edf006f5c5e) Importer(815301076,1909f56bfc062723c751e8b465ee728b)  -> (artifact id: '9411a4d4ddbd891ef2b19249d4ce7fb1') in 0.007162 seconds
  Import took 0.008982 seconds .

========================================================================
Received Prepare
Registering precompiled user dll's ...
Registered in 0.000630 seconds.
Begin MonoManager ReloadAssembly
Native extension for WindowsStandalone target not found
Refreshing native plugins compatible for Editor in 0.21 ms, found 0 plugins.
Preloading 0 native plugins for Editor in 0.00 ms.
Invoked RoslynAnalysisRunner static constructor.
RoslynAnalysisRunner will not be running.
RoslynAnalysisRunner has terminated.
Mono: successfully reloaded assembly
- Completed reload, in  0.746 seconds
Platform modules already initialized, skipping
Refreshing native plugins compatible for Editor in 0.20 ms, found 0 plugins.
Preloading 0 native plugins for Editor in 0.00 ms.
Unloading 1101 Unused Serialized files (Serialized files now loaded: 0)
System memory in use before: 61.5 MB.
System memory in use after: 61.6 MB.

Unloading 8 unused Assets to reduce memory usage. Loaded Objects now: 1612.
Total: 2.083900 ms (FindLiveObjects: 0.312300 ms CreateObjectMapping: 0.038100 ms MarkObjects: 1.601200 ms  DeleteObjects: 0.129400 ms)

========================================================================
Received Import Request.
  Time since last request: 30.792260 seconds.
  path: Assets/Tower Defense/Scripts/BulletController.cs
  artifactKey: Guid(4ad8c6c6516c2864085b8edf006f5c5e) Importer(815301076,1909f56bfc062723c751e8b465ee728b)
Start importing Assets/Tower Defense/Scripts/BulletController.cs using Guid(4ad8c6c6516c2864085b8edf006f5c5e) Importer(815301076,1909f56bfc062723c751e8b465ee728b)  -> (artifact id: '696edabd930f5633100f054b63a4bbaa') in 0.006797 seconds
  Import took 0.008951 seconds .

========================================================================
Received Prepare
Registering precompiled user dll's ...
Registered in 0.000599 seconds.
Begin MonoManager ReloadAssembly
Native extension for WindowsStandalone target not found
Refreshing native plugins compatible for Editor in 0.20 ms, found 0 plugins.
Preloading 0 native plugins for Editor in 0.00 ms.
Invoked RoslynAnalysisRunner static constructor.
RoslynAnalysisRunner will not be running.
RoslynAnalysisRunner has terminated.
Mono: successfully reloaded assembly
- Completed reload, in  0.752 seconds
Platform modules already initialized, skipping
Refreshing native plugins compatible for Editor in 0.20 ms, found 0 plugins.
Preloading 0 native plugins for Editor in 0.00 ms.
Unloading 1101 Unused Serialized files (Serialized files now loaded: 0)
System memory in use before: 61.6 MB.
System memory in use after: 61.7 MB.

Unloading 5 unused Assets to reduce memory usage. Loaded Objects now: 1614.
Total: 1.775700 ms (FindLiveObjects: 0.204900 ms CreateObjectMapping: 0.031200 ms MarkObjects: 1.484100 ms  DeleteObjects: 0.053500 ms)

========================================================================
Received Import Request.
  Time since last request: 20.485152 seconds.
  path: Assets/Tower Defense/Prefab/Bullet.prefab
  artifactKey: Guid(b92e54fbdbfed8a4ea6a0de20e28ab0b) Importer(815301076,1909f56bfc062723c751e8b465ee728b)
Start importing Assets/Tower Defense/Prefab/Bullet.prefab using Guid(b92e54fbdbfed8a4ea6a0de20e28ab0b) Importer(815301076,1909f56bfc062723c751e8b465ee728b)  -> (artifact id: 'bc96e3f2977f1abf6c9847fd605dc52e') in 0.056655 seconds
  Import took 0.058829 seconds .

========================================================================
Received Prepare
Registering precompiled user dll's ...
Registered in 0.000656 seconds.
Begin MonoManager ReloadAssembly
Native extension for WindowsStandalone target not found
Refreshing native plugins compatible for Editor in 0.21 ms, found 0 plugins.
Preloading 0 native plugins for Editor in 0.00 ms.
Invoked RoslynAnalysisRunner static constructor.
RoslynAnalysisRunner will not be running.
RoslynAnalysisRunner has terminated.
Mono: successfully reloaded assembly
- Completed reload, in  0.739 seconds
Platform modules already initialized, skipping
Refreshing native plugins compatible for Editor in 0.19 ms, found 0 plugins.
Preloading 0 native plugins for Editor in 0.00 ms.
Unloading 1100 Unused Serialized files (Serialized files now loaded: 0)
System memory in use before: 61.7 MB.
System memory in use after: 61.8 MB.

Unloading 8 unused Assets to reduce memory usage. Loaded Objects now: 1616.
Total: 1.850600 ms (FindLiveObjects: 0.154800 ms CreateObjectMapping: 0.030100 ms MarkObjects: 1.567200 ms  DeleteObjects: 0.097300 ms)

========================================================================
Received Prepare
Registering precompiled user dll's ...
Registered in 0.000584 seconds.
Begin MonoManager ReloadAssembly
Native extension for WindowsStandalone target not found
Refreshing native plugins compatible for Editor in 0.19 ms, found 0 plugins.
Preloading 0 native plugins for Editor in 0.00 ms.
Invoked RoslynAnalysisRunner static constructor.
RoslynAnalysisRunner will not be running.
RoslynAnalysisRunner has terminated.
Mono: successfully reloaded assembly
- Completed reload, in  0.737 seconds
Platform modules already initialized, skipping
Refreshing native plugins compatible for Editor in 0.19 ms, found 0 plugins.
Preloading 0 native plugins for Editor in 0.00 ms.
Unloading 1100 Unused Serialized files (Serialized files now loaded: 0)
System memory in use before: 61.8 MB.
System memory in use after: 61.9 MB.

Unloading 5 unused Assets to reduce memory usage. Loaded Objects now: 1618.
Total: 1.555900 ms (FindLiveObjects: 0.174000 ms CreateObjectMapping: 0.029000 ms MarkObjects: 1.304500 ms  DeleteObjects: 0.047000 ms)

========================================================================
Received Prepare
Registering precompiled user dll's ...
Registered in 0.000599 seconds.
Begin MonoManager ReloadAssembly
Native extension for WindowsStandalone target not found
Refreshing native plugins compatible for Editor in 0.20 ms, found 0 plugins.
Preloading 0 native plugins for Editor in 0.00 ms.
Invoked RoslynAnalysisRunner static constructor.
RoslynAnalysisRunner will not be running.
RoslynAnalysisRunner has terminated.
Mono: successfully reloaded assembly
- Completed reload, in  0.743 seconds
Platform modules already initialized, skipping
Refreshing native plugins compatible for Editor in 0.19 ms, found 0 plugins.
Preloading 0 native plugins for Editor in 0.00 ms.
Unloading 1100 Unused Serialized files (Serialized files now loaded: 0)
System memory in use before: 61.9 MB.
System memory in use after: 62.0 MB.

Unloading 5 unused Assets to reduce memory usage. Loaded Objects now: 1620.
Total: 2.058900 ms (FindLiveObjects: 0.172300 ms CreateObjectMapping: 0.032200 ms MarkObjects: 1.722400 ms  DeleteObjects: 0.130400 ms)

